<?xml version="1.0" encoding="UTF-8"?>
<!-- Generated by org.testng.reporters.JUnitReportReporter -->
<testsuite skipped="0" hostname="MS-GIUAAEQPNEPR" name="test1" tests="1" failures="0" timestamp="2025-07-24T23:10:25 CST" time="0.005" errors="0">
  <testcase name="test133" time="0.005" classname="test1"/>
</testsuite> <!-- test1 -->
